This file contains any messages produced by compilers while
running configure, to aid debugging if configure makes a mistake.

It was created by libmpeg2 configure 0.5.1, which was
generated by GNU Autoconf 2.69.  Invocation command line was

  $ ./configure --no-create --no-recursion

## --------- ##
## Platform. ##
## --------- ##

hostname = li0nmo0se
uname -m = x86_64
uname -r = 5.11.0-43-generic
uname -s = Linux
uname -v = #47~20.04.2-Ubuntu SMP Mon Dec 13 11:06:56 UTC 2021

/usr/bin/uname -p = x86_64
/bin/uname -X     = unknown

/bin/arch              = x86_64
/usr/bin/arch -k       = unknown
/usr/convex/getsysinfo = unknown
/usr/bin/hostinfo      = unknown
/bin/machine           = unknown
/usr/bin/oslevel       = unknown
/bin/universe          = unknown

PATH: /usr/local/lib
PATH: /home/li0nmo0se/.local/bin
PATH: /usr/local/sbin
PATH: /usr/local/bin
PATH: /usr/sbin
PATH: /usr/bin
PATH: /sbin
PATH: /bin
PATH: /usr/games
PATH: /usr/local/games
PATH: /snap/bin
PATH: /usr/local/go/bin
PATH: /home/li0nmo0se/.local/bin
PATH: /usr/local/cuda-11.3/bin


## ----------- ##
## Core tests. ##
## ----------- ##

configure:2544: checking build system type
configure:2558: result: x86_64-unknown-linux-gnu
configure:2578: checking host system type
configure:2591: result: x86_64-unknown-linux-gnu
configure:2628: checking for a BSD-compatible install
configure:2696: result: /usr/bin/install -c
configure:2707: checking whether build environment is sane
configure:2762: result: yes
configure:2798: WARNING: 'missing' script is too old or missing
configure:2911: checking for a thread-safe mkdir -p
configure:2950: result: /usr/bin/mkdir -p
configure:2957: checking for gawk
configure:2987: result: no
configure:2957: checking for mawk
configure:2973: found /usr/bin/mawk
configure:2984: result: mawk
configure:2995: checking whether make sets $(MAKE)
configure:3017: result: yes
configure:3046: checking whether make supports nested variables
configure:3063: result: yes
configure:3190: checking whether to enable maintainer-specific portions of Makefiles
configure:3199: result: no
configure:3261: checking for gcc
configure:3277: found /usr/bin/gcc
configure:3288: result: gcc
configure:3517: checking for C compiler version
configure:3526: gcc --version >&5
gcc (Ubuntu 10.3.0-1ubuntu1~20.04) 10.3.0
Copyright (C) 2020 Free Software Foundation, Inc.
This is free software; see the source for copying conditions.  There is NO
warranty; not even for MERCHANTABILITY or FITNESS FOR A PARTICULAR PURPOSE.

configure:3537: $? = 0
configure:3526: gcc -v >&5
Using built-in specs.
COLLECT_GCC=gcc
COLLECT_LTO_WRAPPER=/usr/lib/gcc/x86_64-linux-gnu/10/lto-wrapper
OFFLOAD_TARGET_NAMES=nvptx-none:amdgcn-amdhsa:hsa
OFFLOAD_TARGET_DEFAULT=1
Target: x86_64-linux-gnu
Configured with: ../src/configure -v --with-pkgversion='Ubuntu 10.3.0-1ubuntu1~20.04' --with-bugurl=file:///usr/share/doc/gcc-10/README.Bugs --enable-languages=c,ada,c++,go,brig,d,fortran,objc,obj-c++,m2 --prefix=/usr --with-gcc-major-version-only --program-suffix=-10 --program-prefix=x86_64-linux-gnu- --enable-shared --enable-linker-build-id --libexecdir=/usr/lib --without-included-gettext --enable-threads=posix --libdir=/usr/lib --enable-nls --enable-bootstrap --enable-clocale=gnu --enable-libstdcxx-debug --enable-libstdcxx-time=yes --with-default-libstdcxx-abi=new --enable-gnu-unique-object --disable-vtable-verify --enable-plugin --enable-default-pie --with-system-zlib --enable-libphobos-checking=release --with-target-system-zlib=auto --enable-objc-gc=auto --enable-multiarch --disable-werror --with-arch-32=i686 --with-abi=m64 --with-multilib-list=m32,m64,mx32 --enable-multilib --with-tune=generic --enable-offload-targets=nvptx-none=/build/gcc-10-S4I5Pr/gcc-10-10.3.0/debian/tmp-nvptx/usr,amdgcn-amdhsa=/build/gcc-10-S4I5Pr/gcc-10-10.3.0/debian/tmp-gcn/usr,hsa --without-cuda-driver --enable-checking=release --build=x86_64-linux-gnu --host=x86_64-linux-gnu --target=x86_64-linux-gnu --with-build-config=bootstrap-lto-lean --enable-link-mutex
Thread model: posix
Supported LTO compression algorithms: zlib zstd
gcc version 10.3.0 (Ubuntu 10.3.0-1ubuntu1~20.04) 
... rest of stderr output deleted ...
configure:3537: $? = 0
configure:3526: gcc -V >&5
gcc: error: unrecognized command-line option '-V'
gcc: fatal error: no input files
compilation terminated.
configure:3537: $? = 1
configure:3526: gcc -qversion >&5
gcc: error: unrecognized command-line option '-qversion'; did you mean '--version'?
gcc: fatal error: no input files
compilation terminated.
configure:3537: $? = 1
configure:3557: checking whether the C compiler works
configure:3579: gcc    conftest.c  >&5
configure:3583: $? = 0
configure:3631: result: yes
configure:3634: checking for C compiler default output file name
configure:3636: result: a.out
configure:3642: checking for suffix of executables
configure:3649: gcc -o conftest    conftest.c  >&5
configure:3653: $? = 0
configure:3675: result: 
configure:3697: checking whether we are cross compiling
configure:3705: gcc -o conftest    conftest.c  >&5
configure:3709: $? = 0
configure:3716: ./conftest
configure:3720: $? = 0
configure:3708: result: no
configure:3713: checking for suffix of object files
configure:3735: gcc -c   conftest.c >&5
configure:3739: $? = 0
configure:3760: result: o
configure:3764: checking whether we are using the GNU C compiler
configure:3783: gcc -c   conftest.c >&5
configure:3783: $? = 0
configure:3792: result: yes
configure:3801: checking whether gcc accepts -g
configure:3821: gcc -c -g  conftest.c >&5
configure:3821: $? = 0
configure:3862: result: yes
configure:3879: checking for gcc option to accept ISO C89
configure:3942: gcc  -c -g -O2  conftest.c >&5
configure:3942: $? = 0
configure:3955: result: none needed
configure:3980: checking whether gcc understands -c and -o together
configure:4002: gcc -c conftest.c -o conftest2.o
configure:4005: $? = 0
configure:4002: gcc -c conftest.c -o conftest2.o
configure:4005: $? = 0
configure:4017: result: yes
configure:4037: checking whether make supports the include directive
configure:4052: make -f confmf.GNU && cat confinc.out
make[1]: Entering directory '/home/li0nmo0se/epita/ing3/tvid/codec/TP/tools/mpeg2dec'
make[1]: Leaving directory '/home/li0nmo0se/epita/ing3/tvid/codec/TP/tools/mpeg2dec'
this is the am__doit target
configure:4055: $? = 0
configure:4074: result: yes (GNU style)
configure:4099: checking dependency style of gcc
configure:4210: result: gcc3
configure:4231: checking how to run the C preprocessor
configure:4262: gcc -E  conftest.c
configure:4262: $? = 0
configure:4276: gcc -E  conftest.c
conftest.c:11:10: fatal error: ac_nonexistent.h: No such file or directory
   11 | #include <ac_nonexistent.h>
      |          ^~~~~~~~~~~~~~~~~~
compilation terminated.
configure:4276: $? = 1
configure: failed program was:
| /* confdefs.h */
| #define PACKAGE_NAME "libmpeg2"
| #define PACKAGE_TARNAME "libmpeg2"
| #define PACKAGE_VERSION "0.5.1"
| #define PACKAGE_STRING "libmpeg2 0.5.1"
| #define PACKAGE_BUGREPORT ""
| #define PACKAGE_URL ""
| #define PACKAGE "libmpeg2"
| #define VERSION "0.5.1"
| /* end confdefs.h.  */
| #include <ac_nonexistent.h>
configure:4301: result: gcc -E
configure:4321: gcc -E  conftest.c
configure:4321: $? = 0
configure:4335: gcc -E  conftest.c
conftest.c:11:10: fatal error: ac_nonexistent.h: No such file or directory
   11 | #include <ac_nonexistent.h>
      |          ^~~~~~~~~~~~~~~~~~
compilation terminated.
configure:4335: $? = 1
configure: failed program was:
| /* confdefs.h */
| #define PACKAGE_NAME "libmpeg2"
| #define PACKAGE_TARNAME "libmpeg2"
| #define PACKAGE_VERSION "0.5.1"
| #define PACKAGE_STRING "libmpeg2 0.5.1"
| #define PACKAGE_BUGREPORT ""
| #define PACKAGE_URL ""
| #define PACKAGE "libmpeg2"
| #define VERSION "0.5.1"
| /* end confdefs.h.  */
| #include <ac_nonexistent.h>
configure:4364: checking for grep that handles long lines and -e
configure:4422: result: /usr/bin/grep
configure:4427: checking for egrep
configure:4489: result: /usr/bin/grep -E
configure:4495: checking whether gcc needs -traditional
configure:4529: result: no
configure:4545: checking dependency style of gcc
configure:4654: result: gcc3
configure:4670: checking for ANSI C header files
configure:4690: gcc -c -g -O2  conftest.c >&5
configure:4690: $? = 0
configure:4763: gcc -o conftest -g -O2   conftest.c  >&5
configure:4763: $? = 0
configure:4763: ./conftest
configure:4763: $? = 0
configure:4774: result: yes
configure:4787: checking for sys/types.h
configure:4787: gcc -c -g -O2  conftest.c >&5
configure:4787: $? = 0
configure:4787: result: yes
configure:4787: checking for sys/stat.h
configure:4787: gcc -c -g -O2  conftest.c >&5
configure:4787: $? = 0
configure:4787: result: yes
configure:4787: checking for stdlib.h
configure:4787: gcc -c -g -O2  conftest.c >&5
configure:4787: $? = 0
configure:4787: result: yes
configure:4787: checking for string.h
configure:4787: gcc -c -g -O2  conftest.c >&5
configure:4787: $? = 0
configure:4787: result: yes
configure:4787: checking for memory.h
configure:4787: gcc -c -g -O2  conftest.c >&5
configure:4787: $? = 0
configure:4787: result: yes
configure:4787: checking for strings.h
configure:4787: gcc -c -g -O2  conftest.c >&5
configure:4787: $? = 0
configure:4787: result: yes
configure:4787: checking for inttypes.h
configure:4787: gcc -c -g -O2  conftest.c >&5
configure:4787: $? = 0
configure:4787: result: yes
configure:4787: checking for stdint.h
configure:4787: gcc -c -g -O2  conftest.c >&5
configure:4787: $? = 0
configure:4787: result: yes
configure:4787: checking for unistd.h
configure:4787: gcc -c -g -O2  conftest.c >&5
configure:4787: $? = 0
configure:4787: result: yes
configure:4802: checking sys/time.h usability
configure:4802: gcc -c -g -O2  conftest.c >&5
configure:4802: $? = 0
configure:4802: result: yes
configure:4802: checking sys/time.h presence
configure:4802: gcc -E  conftest.c
configure:4802: $? = 0
configure:4802: result: yes
configure:4802: checking for sys/time.h
configure:4802: result: yes
configure:4802: checking time.h usability
configure:4802: gcc -c -g -O2  conftest.c >&5
configure:4802: $? = 0
configure:4802: result: yes
configure:4802: checking time.h presence
configure:4802: gcc -E  conftest.c
configure:4802: $? = 0
configure:4802: result: yes
configure:4802: checking for time.h
configure:4802: result: yes
configure:4802: checking sys/timeb.h usability
configure:4802: gcc -c -g -O2  conftest.c >&5
configure:4802: $? = 0
configure:4802: result: yes
configure:4802: checking sys/timeb.h presence
configure:4802: gcc -E  conftest.c
configure:4802: $? = 0
configure:4802: result: yes
configure:4802: checking for sys/timeb.h
configure:4802: result: yes
configure:4802: checking io.h usability
configure:4802: gcc -c -g -O2  conftest.c >&5
conftest.c:57:10: fatal error: io.h: No such file or directory
   57 | #include <io.h>
      |          ^~~~~~
compilation terminated.
configure:4802: $? = 1
configure: failed program was:
| /* confdefs.h */
| #define PACKAGE_NAME "libmpeg2"
| #define PACKAGE_TARNAME "libmpeg2"
| #define PACKAGE_VERSION "0.5.1"
| #define PACKAGE_STRING "libmpeg2 0.5.1"
| #define PACKAGE_BUGREPORT ""
| #define PACKAGE_URL ""
| #define PACKAGE "libmpeg2"
| #define VERSION "0.5.1"
| #define STDC_HEADERS 1
| #define HAVE_SYS_TYPES_H 1
| #define HAVE_SYS_STAT_H 1
| #define HAVE_STDLIB_H 1
| #define HAVE_STRING_H 1
| #define HAVE_MEMORY_H 1
| #define HAVE_STRINGS_H 1
| #define HAVE_INTTYPES_H 1
| #define HAVE_STDINT_H 1
| #define HAVE_UNISTD_H 1
| #define HAVE_SYS_TIME_H 1
| #define HAVE_TIME_H 1
| #define HAVE_SYS_TIMEB_H 1
| /* end confdefs.h.  */
| #include <stdio.h>
| #ifdef HAVE_SYS_TYPES_H
| # include <sys/types.h>
| #endif
| #ifdef HAVE_SYS_STAT_H
| # include <sys/stat.h>
| #endif
| #ifdef STDC_HEADERS
| # include <stdlib.h>
| # include <stddef.h>
| #else
| # ifdef HAVE_STDLIB_H
| #  include <stdlib.h>
| # endif
| #endif
| #ifdef HAVE_STRING_H
| # if !defined STDC_HEADERS && defined HAVE_MEMORY_H
| #  include <memory.h>
| # endif
| # include <string.h>
| #endif
| #ifdef HAVE_STRINGS_H
| # include <strings.h>
| #endif
| #ifdef HAVE_INTTYPES_H
| # include <inttypes.h>
| #endif
| #ifdef HAVE_STDINT_H
| # include <stdint.h>
| #endif
| #ifdef HAVE_UNISTD_H
| # include <unistd.h>
| #endif
| #include <io.h>
configure:4802: result: no
configure:4802: checking io.h presence
configure:4802: gcc -E  conftest.c
conftest.c:24:10: fatal error: io.h: No such file or directory
   24 | #include <io.h>
      |          ^~~~~~
compilation terminated.
configure:4802: $? = 1
configure: failed program was:
| /* confdefs.h */
| #define PACKAGE_NAME "libmpeg2"
| #define PACKAGE_TARNAME "libmpeg2"
| #define PACKAGE_VERSION "0.5.1"
| #define PACKAGE_STRING "libmpeg2 0.5.1"
| #define PACKAGE_BUGREPORT ""
| #define PACKAGE_URL ""
| #define PACKAGE "libmpeg2"
| #define VERSION "0.5.1"
| #define STDC_HEADERS 1
| #define HAVE_SYS_TYPES_H 1
| #define HAVE_SYS_STAT_H 1
| #define HAVE_STDLIB_H 1
| #define HAVE_STRING_H 1
| #define HAVE_MEMORY_H 1
| #define HAVE_STRINGS_H 1
| #define HAVE_INTTYPES_H 1
| #define HAVE_STDINT_H 1
| #define HAVE_UNISTD_H 1
| #define HAVE_SYS_TIME_H 1
| #define HAVE_TIME_H 1
| #define HAVE_SYS_TIMEB_H 1
| /* end confdefs.h.  */
| #include <io.h>
configure:4802: result: no
configure:4802: checking for io.h
configure:4802: result: no
configure:4821: checking if gcc supports  -Wall -Wpointer-arith -Wcast-align -Wcast-qual -Wstrict-prototypes -Wshadow -Waggregate-return -Wmissing-prototypes -Wnested-externs -Wsign-compare -g -O2 flags
configure:4836: gcc -c  -Wall -Wpointer-arith -Wcast-align -Wcast-qual -Wstrict-prototypes -Wshadow -Waggregate-return -Wmissing-prototypes -Wnested-externs -Wsign-compare -g -O2  conftest.c >&5
conftest.c:26:1: warning: function declaration isn't a prototype [-Wstrict-prototypes]
   26 | main ()
      | ^~~~
configure:4836: $? = 0
configure:4843: result: yes
configure:4855: checking if gcc supports  -Wall -Wpointer-arith -Wcast-align -Wcast-qual -Wstrict-prototypes -Wshadow -Waggregate-return -Wmissing-prototypes -Wnested-externs -Wsign-compare -g  -O3 flags
configure:4870: gcc -c  -Wall -Wpointer-arith -Wcast-align -Wcast-qual -Wstrict-prototypes -Wshadow -Waggregate-return -Wmissing-prototypes -Wnested-externs -Wsign-compare -g  -O3  conftest.c >&5
conftest.c:26:1: warning: function declaration isn't a prototype [-Wstrict-prototypes]
   26 | main ()
      | ^~~~
configure:4870: $? = 0
configure:4877: result: yes
configure:4896: checking if gcc supports  -Wall -Wpointer-arith -Wcast-align -Wcast-qual -Wstrict-prototypes -Wshadow -Waggregate-return -Wmissing-prototypes -Wnested-externs -Wsign-compare -g  -O3 -fomit-frame-pointer -g -O2 flags
configure:4911: gcc -c  -Wall -Wpointer-arith -Wcast-align -Wcast-qual -Wstrict-prototypes -Wshadow -Waggregate-return -Wmissing-prototypes -Wnested-externs -Wsign-compare -g  -O3 -fomit-frame-pointer -g -O2  conftest.c >&5
conftest.c:26:1: warning: function declaration isn't a prototype [-Wstrict-prototypes]
   26 | main ()
      | ^~~~
configure:4911: $? = 0
configure:4918: result: yes
configure:4928: checking if gcc supports  -Wall -Wpointer-arith -Wcast-align -Wcast-qual -Wstrict-prototypes -Wshadow -Waggregate-return -Wmissing-prototypes -Wnested-externs -Wsign-compare -g  -O3 -fomit-frame-pointer -fno-common -g -O2 flags
configure:4943: gcc -c  -Wall -Wpointer-arith -Wcast-align -Wcast-qual -Wstrict-prototypes -Wshadow -Waggregate-return -Wmissing-prototypes -Wnested-externs -Wsign-compare -g  -O3 -fomit-frame-pointer -fno-common -g -O2  conftest.c >&5
conftest.c:26:1: warning: function declaration isn't a prototype [-Wstrict-prototypes]
   26 | main ()
      | ^~~~
configure:4943: $? = 0
configure:4950: result: yes
configure:4971: checking if gcc supports  -Wall -Wpointer-arith -Wcast-align -Wcast-qual -Wstrict-prototypes -Wshadow -Waggregate-return -Wmissing-prototypes -Wnested-externs -Wsign-compare -g  -O3 -fomit-frame-pointer -fno-common -g -O2 flags
configure:4986: gcc -c  -Wall -Wpointer-arith -Wcast-align -Wcast-qual -Wstrict-prototypes -Wshadow -Waggregate-return -Wmissing-prototypes -Wnested-externs -Wsign-compare -g  -O3 -fomit-frame-pointer -fno-common -g -O2  conftest.c >&5
conftest.c:27:1: warning: function declaration isn't a prototype [-Wstrict-prototypes]
   27 | main ()
      | ^~~~
configure:4986: $? = 0
configure:4993: result: yes
configure:5529: checking how to print strings
configure:5556: result: printf
configure:5577: checking for a sed that does not truncate output
configure:5641: result: /usr/bin/sed
configure:5659: checking for fgrep
configure:5721: result: /usr/bin/grep -F
configure:5756: checking for ld used by gcc
configure:5823: result: /usr/bin/ld
configure:5830: checking if the linker (/usr/bin/ld) is GNU ld
configure:5845: result: yes
configure:5857: checking for BSD- or MS-compatible name lister (nm)
configure:5911: result: /usr/bin/nm -B
configure:6041: checking the name lister (/usr/bin/nm -B) interface
configure:6048: gcc -c -g -O2  conftest.c >&5
configure:6051: /usr/bin/nm -B "conftest.o"
configure:6054: output
0000000000000000 B some_variable
configure:6055: result: BSD nm
configure:6058: checking whether ln -s works
configure:6062: result: yes
configure:6070: checking the maximum length of command line arguments
configure:6201: result: 1572864
configure:6249: checking how to convert x86_64-unknown-linux-gnu file names to x86_64-unknown-linux-gnu format
configure:6289: result: func_convert_file_noop
configure:6296: checking how to convert x86_64-unknown-linux-gnu file names to toolchain format
configure:6316: result: func_convert_file_noop
configure:6323: checking for /usr/bin/ld option to reload object files
configure:6330: result: -r
configure:6404: checking for objdump
configure:6431: result: objdump
configure:6460: checking how to recognize dependent libraries
configure:6660: result: pass_all
configure:6745: checking for dlltool
configure:6772: result: dlltool
configure:6802: checking how to associate runtime and link libraries
configure:6829: result: printf %s\n
configure:6889: checking for ar
configure:6905: found /usr/bin/ar
configure:6916: result: ar
configure:6953: checking for archiver @FILE support
configure:6970: gcc -c -g -O2  conftest.c >&5
configure:6970: $? = 0
configure:6973: ar cr libconftest.a @conftest.lst >&5
configure:6976: $? = 0
configure:6981: ar cr libconftest.a @conftest.lst >&5
ar: conftest.o: No such file or directory
configure:6984: $? = 1
configure:6983: result: @
configure:7041: checking for strip
configure:7057: found /usr/bin/strip
configure:7068: result: strip
configure:7140: checking for ranlib
configure:7156: found /usr/bin/ranlib
configure:7167: result: ranlib
configure:7269: checking command to parse /usr/bin/nm -B output from gcc object
configure:7422: gcc -c -g -O2  conftest.c >&5
configure:7425: $? = 0
configure:7429: /usr/bin/nm -B conftest.o | sed -n -e 's/^.*[	 ]\([ABCDGIRSTW][ABCDGIRSTW]*\)[	 ][	 ]*\([_A-Za-z][_A-Za-z0-9]*\)$/\1 \2 \2/p' | sed '/ __gnu_lto/d' > conftest.nm
configure:7495: gcc -o conftest -g -O2   conftest.c conftstm.o >&5
configure:7498: $? = 0
configure:7536: result: ok
configure:7583: checking for sysroot
configure:7613: result: no
configure:7620: checking for a working dd
configure:7658: result: /usr/bin/dd
configure:7662: checking how to truncate binary pipes
configure:7677: result: /usr/bin/dd bs=4096 count=1
configure:7813: gcc -c -g -O2  conftest.c >&5
configure:7816: $? = 0
configure:8006: checking for mt
configure:8022: found /usr/bin/mt
configure:8033: result: mt
configure:8056: checking if mt is a manifest tool
configure:8062: mt '-?'
configure:8070: result: no
configure:8744: checking for dlfcn.h
configure:8744: gcc -c -g -O2  conftest.c >&5
configure:8744: $? = 0
configure:8744: result: yes
configure:8998: checking for objdir
configure:9013: result: .libs
configure:9277: checking if gcc supports -fno-rtti -fno-exceptions
configure:9295: gcc -c -g -O2  -fno-rtti -fno-exceptions conftest.c >&5
cc1: warning: command-line option '-fno-rtti' is valid for C++/D/ObjC++ but not for C
configure:9299: $? = 0
configure:9312: result: no
configure:9676: checking for gcc option to produce PIC
configure:9683: result: -fPIC -DPIC
configure:9691: checking if gcc PIC flag -fPIC -DPIC works
configure:9709: gcc -c -g -O2  -fPIC -DPIC -DPIC conftest.c >&5
configure:9713: $? = 0
configure:9726: result: yes
configure:9755: checking if gcc static flag -static works
configure:9783: result: yes
configure:9798: checking if gcc supports -c -o file.o
configure:9819: gcc -c -g -O2  -o out/conftest2.o conftest.c >&5
configure:9823: $? = 0
configure:9845: result: yes
configure:9853: checking if gcc supports -c -o file.o
configure:9900: result: yes
configure:9933: checking whether the gcc linker (/usr/bin/ld -m elf_x86_64) supports shared libraries
configure:11196: result: yes
configure:11233: checking whether -lc should be explicitly linked in
configure:11241: gcc -c -g -O2  conftest.c >&5
configure:11244: $? = 0
configure:11259: gcc -shared  -fPIC -DPIC conftest.o  -v -Wl,-soname -Wl,conftest -o conftest 2\>\&1 \| /usr/bin/grep  -lc  \>/dev/null 2\>\&1
configure:11262: $? = 0
configure:11276: result: no
configure:11436: checking dynamic linker characteristics
configure:12017: gcc -o conftest -g -O2   -Wl,-rpath -Wl,/foo conftest.c  >&5
configure:12017: $? = 0
configure:12266: result: GNU/Linux ld.so
configure:12388: checking how to hardcode library paths into programs
configure:12413: result: immediate
configure:12961: checking whether stripping libraries is possible
configure:12966: result: yes
configure:13001: checking if libtool supports shared libraries
configure:13003: result: yes
configure:13006: checking whether to build shared libraries
configure:13031: result: yes
configure:13034: checking whether to build static libraries
configure:13038: result: yes
configure:9855: checking whether time.h and sys/time.h may both be included
configure:9875: gcc -c -g -O2  conftest.c >&5
configure:9875: $? = 0
configure:9882: result: yes
configure:9890: checking for struct timeval
configure:9890: gcc -c -g -O2  conftest.c >&5
configure:9890: $? = 0
configure:9890: gcc -c -g -O2  conftest.c >&5
conftest.c: In function 'main':
conftest.c:34:29: error: expected expression before ')' token
   34 | if (sizeof ((struct timeval)))
      |                             ^
configure:9890: $? = 1
configure: failed program was:
| /* confdefs.h */
| #define PACKAGE_NAME "libmpeg2"
| #define PACKAGE_TARNAME "libmpeg2"
| #define PACKAGE_VERSION "0.5.1"
| #define PACKAGE_STRING "libmpeg2 0.5.1"
| #define PACKAGE_BUGREPORT ""
| #define PACKAGE_URL ""
| #define PACKAGE "libmpeg2"
| #define VERSION "0.5.1"
| #define STDC_HEADERS 1
| #define HAVE_SYS_TYPES_H 1
| #define HAVE_SYS_STAT_H 1
| #define HAVE_STDLIB_H 1
| #define HAVE_STRING_H 1
| #define HAVE_MEMORY_H 1
| #define HAVE_STRINGS_H 1
| #define HAVE_INTTYPES_H 1
| #define HAVE_STDINT_H 1
| #define HAVE_UNISTD_H 1
| #define HAVE_SYS_TIME_H 1
| #define HAVE_TIME_H 1
| #define HAVE_SYS_TIMEB_H 1
| #define ARCH_X86 /**/
| #define HAVE_DLFCN_H 1
| #define LT_OBJDIR ".libs/"
| #define TIME_WITH_SYS_TIME 1
| /* end confdefs.h.  */
| #include <sys/time.h>
|     #include <time.h>
| 
| int
| main ()
| {
| if (sizeof ((struct timeval)))
| 	    return 0;
|   ;
|   return 0;
| }
configure:9890: result: yes
configure:9903: checking for inttypes.h
configure:9903: result: yes
configure:10335: checking for an ANSI C-conforming const
configure:10401: gcc -c -g -O2  conftest.c >&5
configure:10401: $? = 0
configure:10408: result: yes
configure:10416: checking for inline
configure:10432: gcc -c -g -O2  conftest.c >&5
configure:10432: $? = 0
configure:10440: result: inline
configure:10459: checking for always_inline
configure:10477: gcc -c -g -O2 -Wall -Werror  conftest.c >&5
configure:10477: $? = 0
configure:10484: result: yes
configure:10493: checking for restrict
configure:10508: gcc -c -g -O2  conftest.c >&5
configure:10508: $? = 0
configure:10513: result: restrict
configure:10525: checking for __builtin_expect
configure:10540: gcc -g -O2 -nostdlib -nostartfiles
            -o conftest conftest.c -lgcc >&5
/usr/bin/ld: warning: cannot find entry symbol _start; defaulting to 0000000000001000
configure:10543: $? = 0
configure:10551: result: yes
configure:10558: checking whether byte ordering is bigendian
configure:10573: gcc -c -g -O2  conftest.c >&5
conftest.c:32:9: error: unknown type name 'not'
   32 |         not a universal capable compiler
      |         ^~~
conftest.c:32:15: error: expected '=', ',', ';', 'asm' or '__attribute__' before 'universal'
   32 |         not a universal capable compiler
      |               ^~~~~~~~~
conftest.c:32:15: error: unknown type name 'universal'
configure:10573: $? = 1
configure: failed program was:
| /* confdefs.h */
| #define PACKAGE_NAME "libmpeg2"
| #define PACKAGE_TARNAME "libmpeg2"
| #define PACKAGE_VERSION "0.5.1"
| #define PACKAGE_STRING "libmpeg2 0.5.1"
| #define PACKAGE_BUGREPORT ""
| #define PACKAGE_URL ""
| #define PACKAGE "libmpeg2"
| #define VERSION "0.5.1"
| #define STDC_HEADERS 1
| #define HAVE_SYS_TYPES_H 1
| #define HAVE_SYS_STAT_H 1
| #define HAVE_STDLIB_H 1
| #define HAVE_STRING_H 1
| #define HAVE_MEMORY_H 1
| #define HAVE_STRINGS_H 1
| #define HAVE_INTTYPES_H 1
| #define HAVE_STDINT_H 1
| #define HAVE_UNISTD_H 1
| #define HAVE_SYS_TIME_H 1
| #define HAVE_TIME_H 1
| #define HAVE_SYS_TIMEB_H 1
| #define ARCH_X86 /**/
| #define HAVE_DLFCN_H 1
| #define LT_OBJDIR ".libs/"
| #define TIME_WITH_SYS_TIME 1
| #define HAVE_STRUCT_TIMEVAL 1
| #define inline __attribute__ ((__always_inline__))
| #define HAVE_BUILTIN_EXPECT /**/
| /* end confdefs.h.  */
| #ifndef __APPLE_CC__
| 	       not a universal capable compiler
| 	     #endif
| 	     typedef int dummy;
| 
configure:10618: gcc -c -g -O2  conftest.c >&5
configure:10618: $? = 0
configure:10636: gcc -c -g -O2  conftest.c >&5
conftest.c: In function 'main':
conftest.c:38:4: error: unknown type name 'not'; did you mean 'ino_t'?
   38 |    not big endian
      |    ^~~
      |    ino_t
conftest.c:38:12: error: expected '=', ',', ';', 'asm' or '__attribute__' before 'endian'
   38 |    not big endian
      |            ^~~~~~
configure:10636: $? = 1
configure: failed program was:
| /* confdefs.h */
| #define PACKAGE_NAME "libmpeg2"
| #define PACKAGE_TARNAME "libmpeg2"
| #define PACKAGE_VERSION "0.5.1"
| #define PACKAGE_STRING "libmpeg2 0.5.1"
| #define PACKAGE_BUGREPORT ""
| #define PACKAGE_URL ""
| #define PACKAGE "libmpeg2"
| #define VERSION "0.5.1"
| #define STDC_HEADERS 1
| #define HAVE_SYS_TYPES_H 1
| #define HAVE_SYS_STAT_H 1
| #define HAVE_STDLIB_H 1
| #define HAVE_STRING_H 1
| #define HAVE_MEMORY_H 1
| #define HAVE_STRINGS_H 1
| #define HAVE_INTTYPES_H 1
| #define HAVE_STDINT_H 1
| #define HAVE_UNISTD_H 1
| #define HAVE_SYS_TIME_H 1
| #define HAVE_TIME_H 1
| #define HAVE_SYS_TIMEB_H 1
| #define ARCH_X86 /**/
| #define HAVE_DLFCN_H 1
| #define LT_OBJDIR ".libs/"
| #define TIME_WITH_SYS_TIME 1
| #define HAVE_STRUCT_TIMEVAL 1
| #define inline __attribute__ ((__always_inline__))
| #define HAVE_BUILTIN_EXPECT /**/
| /* end confdefs.h.  */
| #include <sys/types.h>
| 		#include <sys/param.h>
| 
| int
| main ()
| {
| #if BYTE_ORDER != BIG_ENDIAN
| 		 not big endian
| 		#endif
| 
|   ;
|   return 0;
| }
configure:10764: result: no
configure:10782: checking for working volatile
configure:10801: gcc -c -g -O2  conftest.c >&5
configure:10801: $? = 0
configure:10808: result: yes
configure:10816: checking for size_t
configure:10816: gcc -c -g -O2  conftest.c >&5
configure:10816: $? = 0
configure:10816: gcc -c -g -O2  conftest.c >&5
conftest.c: In function 'main':
conftest.c:67:21: error: expected expression before ')' token
   67 | if (sizeof ((size_t)))
      |                     ^
configure:10816: $? = 1
configure: failed program was:
| /* confdefs.h */
| #define PACKAGE_NAME "libmpeg2"
| #define PACKAGE_TARNAME "libmpeg2"
| #define PACKAGE_VERSION "0.5.1"
| #define PACKAGE_STRING "libmpeg2 0.5.1"
| #define PACKAGE_BUGREPORT ""
| #define PACKAGE_URL ""
| #define PACKAGE "libmpeg2"
| #define VERSION "0.5.1"
| #define STDC_HEADERS 1
| #define HAVE_SYS_TYPES_H 1
| #define HAVE_SYS_STAT_H 1
| #define HAVE_STDLIB_H 1
| #define HAVE_STRING_H 1
| #define HAVE_MEMORY_H 1
| #define HAVE_STRINGS_H 1
| #define HAVE_INTTYPES_H 1
| #define HAVE_STDINT_H 1
| #define HAVE_UNISTD_H 1
| #define HAVE_SYS_TIME_H 1
| #define HAVE_TIME_H 1
| #define HAVE_SYS_TIMEB_H 1
| #define ARCH_X86 /**/
| #define HAVE_DLFCN_H 1
| #define LT_OBJDIR ".libs/"
| #define TIME_WITH_SYS_TIME 1
| #define HAVE_STRUCT_TIMEVAL 1
| #define inline __attribute__ ((__always_inline__))
| #define HAVE_BUILTIN_EXPECT /**/
| /* end confdefs.h.  */
| #include <stdio.h>
| #ifdef HAVE_SYS_TYPES_H
| # include <sys/types.h>
| #endif
| #ifdef HAVE_SYS_STAT_H
| # include <sys/stat.h>
| #endif
| #ifdef STDC_HEADERS
| # include <stdlib.h>
| # include <stddef.h>
| #else
| # ifdef HAVE_STDLIB_H
| #  include <stdlib.h>
| # endif
| #endif
| #ifdef HAVE_STRING_H
| # if !defined STDC_HEADERS && defined HAVE_MEMORY_H
| #  include <memory.h>
| # endif
| # include <string.h>
| #endif
| #ifdef HAVE_STRINGS_H
| # include <strings.h>
| #endif
| #ifdef HAVE_INTTYPES_H
| # include <inttypes.h>
| #endif
| #ifdef HAVE_STDINT_H
| # include <stdint.h>
| #endif
| #ifdef HAVE_UNISTD_H
| # include <unistd.h>
| #endif
| int
| main ()
| {
| if (sizeof ((size_t)))
| 	    return 0;
|   ;
|   return 0;
| }
configure:10816: result: yes
configure:10827: checking return type of signal handlers
configure:10845: gcc -c -g -O2  conftest.c >&5
conftest.c: In function 'main':
conftest.c:37:10: error: void value not ignored as it ought to be
   37 | return *(signal (0, 0)) (0) == 1;
      |         ~^~~~~~~~~~~~~~~~~~
configure:10845: $? = 1
configure: failed program was:
| /* confdefs.h */
| #define PACKAGE_NAME "libmpeg2"
| #define PACKAGE_TARNAME "libmpeg2"
| #define PACKAGE_VERSION "0.5.1"
| #define PACKAGE_STRING "libmpeg2 0.5.1"
| #define PACKAGE_BUGREPORT ""
| #define PACKAGE_URL ""
| #define PACKAGE "libmpeg2"
| #define VERSION "0.5.1"
| #define STDC_HEADERS 1
| #define HAVE_SYS_TYPES_H 1
| #define HAVE_SYS_STAT_H 1
| #define HAVE_STDLIB_H 1
| #define HAVE_STRING_H 1
| #define HAVE_MEMORY_H 1
| #define HAVE_STRINGS_H 1
| #define HAVE_INTTYPES_H 1
| #define HAVE_STDINT_H 1
| #define HAVE_UNISTD_H 1
| #define HAVE_SYS_TIME_H 1
| #define HAVE_TIME_H 1
| #define HAVE_SYS_TIMEB_H 1
| #define ARCH_X86 /**/
| #define HAVE_DLFCN_H 1
| #define LT_OBJDIR ".libs/"
| #define TIME_WITH_SYS_TIME 1
| #define HAVE_STRUCT_TIMEVAL 1
| #define inline __attribute__ ((__always_inline__))
| #define HAVE_BUILTIN_EXPECT /**/
| /* end confdefs.h.  */
| #include <sys/types.h>
| #include <signal.h>
| 
| int
| main ()
| {
| return *(signal (0, 0)) (0) == 1;
|   ;
|   return 0;
| }
configure:10852: result: void
configure:10867: checking for special C compiler options needed for large files
configure:10912: result: no
configure:10918: checking for _FILE_OFFSET_BITS value needed for large files
configure:10943: gcc -c -g -O2  conftest.c >&5
configure:10943: $? = 0
configure:10975: result: no
configure:11064: checking for gettimeofday
configure:11064: gcc -o conftest -g -O2   conftest.c  >&5
configure:11064: $? = 0
configure:11064: result: yes
configure:11064: checking for ftime
configure:11064: gcc -o conftest -g -O2   conftest.c  >&5
configure:11064: $? = 0
configure:11064: result: yes
configure:11110: checking for X
configure:11218: gcc -E  conftest.c
configure:11218: $? = 0
configure:11249: gcc -o conftest -g -O2   conftest.c -lX11  >&5
configure:11249: $? = 0
configure:11299: result: libraries , headers 
configure:11398: gcc -o conftest -g -O2   conftest.c   -lX11 >&5
configure:11398: $? = 0
configure:11496: checking for gethostbyname
configure:11496: gcc -o conftest -g -O2   conftest.c  >&5
configure:11496: $? = 0
configure:11496: result: yes
configure:11593: checking for connect
configure:11593: gcc -o conftest -g -O2   conftest.c  >&5
configure:11593: $? = 0
configure:11593: result: yes
configure:11642: checking for remove
configure:11642: gcc -o conftest -g -O2   conftest.c  >&5
configure:11642: $? = 0
configure:11642: result: yes
configure:11691: checking for shmat
configure:11691: gcc -o conftest -g -O2   conftest.c  >&5
configure:11691: $? = 0
configure:11691: result: yes
configure:11749: checking for IceConnectionNumber in -lICE
configure:11774: gcc -o conftest -g -O2   conftest.c -lICE   >&5
configure:11774: $? = 0
configure:11783: result: yes
configure:11794: checking for XShmCreateImage in -lXext
configure:11819: gcc -o conftest -g -O2   conftest.c -lXext  -lSM -lICE   -lX11  >&5
configure:11819: $? = 0
configure:11828: result: yes
configure:11836: checking for XvShmCreateImage in -lXv
configure:11861: gcc -o conftest -g -O2   conftest.c -lXv  -lSM -lICE   -lXext -lX11  >&5
/usr/bin/ld: cannot find -lXv
collect2: error: ld returned 1 exit status
configure:11861: $? = 1
configure: failed program was:
| /* confdefs.h */
| #define PACKAGE_NAME "libmpeg2"
| #define PACKAGE_TARNAME "libmpeg2"
| #define PACKAGE_VERSION "0.5.1"
| #define PACKAGE_STRING "libmpeg2 0.5.1"
| #define PACKAGE_BUGREPORT ""
| #define PACKAGE_URL ""
| #define PACKAGE "libmpeg2"
| #define VERSION "0.5.1"
| #define STDC_HEADERS 1
| #define HAVE_SYS_TYPES_H 1
| #define HAVE_SYS_STAT_H 1
| #define HAVE_STDLIB_H 1
| #define HAVE_STRING_H 1
| #define HAVE_MEMORY_H 1
| #define HAVE_STRINGS_H 1
| #define HAVE_INTTYPES_H 1
| #define HAVE_STDINT_H 1
| #define HAVE_UNISTD_H 1
| #define HAVE_SYS_TIME_H 1
| #define HAVE_TIME_H 1
| #define HAVE_SYS_TIMEB_H 1
| #define ARCH_X86 /**/
| #define HAVE_DLFCN_H 1
| #define LT_OBJDIR ".libs/"
| #define TIME_WITH_SYS_TIME 1
| #define HAVE_STRUCT_TIMEVAL 1
| #define inline __attribute__ ((__always_inline__))
| #define HAVE_BUILTIN_EXPECT /**/
| #define RETSIGTYPE void
| #define HAVE_GETTIMEOFDAY 1
| #define HAVE_FTIME 1
| #define ACCEL_DETECT /**/
| #define LIBVO_X11 /**/
| /* end confdefs.h.  */
| 
| /* Override any GCC internal prototype to avoid an error.
|    Use char because int might match the return type of a GCC
|    builtin and then its argument prototype would still apply.  */
| #ifdef __cplusplus
| extern "C"
| #endif
| char XvShmCreateImage ();
| int
| main ()
| {
| return XvShmCreateImage ();
|   ;
|   return 0;
| }
configure:11870: result: no
configure:11889: checking ddraw.h usability
configure:11889: gcc -c -g -O2  conftest.c >&5
conftest.c:69:10: fatal error: ddraw.h: No such file or directory
   69 | #include <ddraw.h>
      |          ^~~~~~~~~
compilation terminated.
configure:11889: $? = 1
configure: failed program was:
| /* confdefs.h */
| #define PACKAGE_NAME "libmpeg2"
| #define PACKAGE_TARNAME "libmpeg2"
| #define PACKAGE_VERSION "0.5.1"
| #define PACKAGE_STRING "libmpeg2 0.5.1"
| #define PACKAGE_BUGREPORT ""
| #define PACKAGE_URL ""
| #define PACKAGE "libmpeg2"
| #define VERSION "0.5.1"
| #define STDC_HEADERS 1
| #define HAVE_SYS_TYPES_H 1
| #define HAVE_SYS_STAT_H 1
| #define HAVE_STDLIB_H 1
| #define HAVE_STRING_H 1
| #define HAVE_MEMORY_H 1
| #define HAVE_STRINGS_H 1
| #define HAVE_INTTYPES_H 1
| #define HAVE_STDINT_H 1
| #define HAVE_UNISTD_H 1
| #define HAVE_SYS_TIME_H 1
| #define HAVE_TIME_H 1
| #define HAVE_SYS_TIMEB_H 1
| #define ARCH_X86 /**/
| #define HAVE_DLFCN_H 1
| #define LT_OBJDIR ".libs/"
| #define TIME_WITH_SYS_TIME 1
| #define HAVE_STRUCT_TIMEVAL 1
| #define inline __attribute__ ((__always_inline__))
| #define HAVE_BUILTIN_EXPECT /**/
| #define RETSIGTYPE void
| #define HAVE_GETTIMEOFDAY 1
| #define HAVE_FTIME 1
| #define ACCEL_DETECT /**/
| #define LIBVO_X11 /**/
| /* end confdefs.h.  */
| #include <stdio.h>
| #ifdef HAVE_SYS_TYPES_H
| # include <sys/types.h>
| #endif
| #ifdef HAVE_SYS_STAT_H
| # include <sys/stat.h>
| #endif
| #ifdef STDC_HEADERS
| # include <stdlib.h>
| # include <stddef.h>
| #else
| # ifdef HAVE_STDLIB_H
| #  include <stdlib.h>
| # endif
| #endif
| #ifdef HAVE_STRING_H
| # if !defined STDC_HEADERS && defined HAVE_MEMORY_H
| #  include <memory.h>
| # endif
| # include <string.h>
| #endif
| #ifdef HAVE_STRINGS_H
| # include <strings.h>
| #endif
| #ifdef HAVE_INTTYPES_H
| # include <inttypes.h>
| #endif
| #ifdef HAVE_STDINT_H
| # include <stdint.h>
| #endif
| #ifdef HAVE_UNISTD_H
| # include <unistd.h>
| #endif
| #include <ddraw.h>
configure:11889: result: no
configure:11889: checking ddraw.h presence
configure:11889: gcc -E  conftest.c
conftest.c:36:10: fatal error: ddraw.h: No such file or directory
   36 | #include <ddraw.h>
      |          ^~~~~~~~~
compilation terminated.
configure:11889: $? = 1
configure: failed program was:
| /* confdefs.h */
| #define PACKAGE_NAME "libmpeg2"
| #define PACKAGE_TARNAME "libmpeg2"
| #define PACKAGE_VERSION "0.5.1"
| #define PACKAGE_STRING "libmpeg2 0.5.1"
| #define PACKAGE_BUGREPORT ""
| #define PACKAGE_URL ""
| #define PACKAGE "libmpeg2"
| #define VERSION "0.5.1"
| #define STDC_HEADERS 1
| #define HAVE_SYS_TYPES_H 1
| #define HAVE_SYS_STAT_H 1
| #define HAVE_STDLIB_H 1
| #define HAVE_STRING_H 1
| #define HAVE_MEMORY_H 1
| #define HAVE_STRINGS_H 1
| #define HAVE_INTTYPES_H 1
| #define HAVE_STDINT_H 1
| #define HAVE_UNISTD_H 1
| #define HAVE_SYS_TIME_H 1
| #define HAVE_TIME_H 1
| #define HAVE_SYS_TIMEB_H 1
| #define ARCH_X86 /**/
| #define HAVE_DLFCN_H 1
| #define LT_OBJDIR ".libs/"
| #define TIME_WITH_SYS_TIME 1
| #define HAVE_STRUCT_TIMEVAL 1
| #define inline __attribute__ ((__always_inline__))
| #define HAVE_BUILTIN_EXPECT /**/
| #define RETSIGTYPE void
| #define HAVE_GETTIMEOFDAY 1
| #define HAVE_FTIME 1
| #define ACCEL_DETECT /**/
| #define LIBVO_X11 /**/
| /* end confdefs.h.  */
| #include <ddraw.h>
configure:11889: result: no
configure:11889: checking for ddraw.h
configure:11889: result: no
configure:11918: checking for sdl-config
configure:11948: result: no
configure:12024: checking __attribute__ ((aligned ())) support
configure:12051: gcc -c -g -O2 -Werror  conftest.c >&5
configure:12051: $? = 0
configure:12051: gcc -c -g -O2 -Werror  conftest.c >&5
configure:12051: $? = 0
configure:12051: gcc -c -g -O2 -Werror  conftest.c >&5
configure:12051: $? = 0
configure:12051: gcc -c -g -O2 -Werror  conftest.c >&5
configure:12051: $? = 0
configure:12051: gcc -c -g -O2 -Werror  conftest.c >&5
configure:12051: $? = 0
configure:12051: gcc -c -g -O2 -Werror  conftest.c >&5
configure:12051: $? = 0
configure:12057: result: 64
configure:12169: checking that generated files are newer than configure
configure:12175: result: done
configure:12211: creating ./config.status

## ---------------- ##
## Cache variables. ##
## ---------------- ##

ac_cv_always_inline=yes
ac_cv_build=x86_64-unknown-linux-gnu
ac_cv_builtin_expect=yes
ac_cv_c_attr_align_try=64
ac_cv_c_attribute_aligned=64
ac_cv_c_bigendian=no
ac_cv_c_compiler_gnu=yes
ac_cv_c_const=yes
ac_cv_c_inline=inline
ac_cv_c_restrict=restrict
ac_cv_c_volatile=yes
ac_cv_env_CCASFLAGS_set=
ac_cv_env_CCASFLAGS_value=
ac_cv_env_CCAS_set=
ac_cv_env_CCAS_value=
ac_cv_env_CC_set=
ac_cv_env_CC_value=
ac_cv_env_CFLAGS_set=
ac_cv_env_CFLAGS_value=
ac_cv_env_CPPFLAGS_set=
ac_cv_env_CPPFLAGS_value=
ac_cv_env_CPP_set=
ac_cv_env_CPP_value=
ac_cv_env_LDFLAGS_set=
ac_cv_env_LDFLAGS_value=
ac_cv_env_LIBS_set=
ac_cv_env_LIBS_value=
ac_cv_env_LT_SYS_LIBRARY_PATH_set=
ac_cv_env_LT_SYS_LIBRARY_PATH_value=
ac_cv_env_XMKMF_set=
ac_cv_env_XMKMF_value=
ac_cv_env_build_alias_set=
ac_cv_env_build_alias_value=
ac_cv_env_host_alias_set=
ac_cv_env_host_alias_value=
ac_cv_env_target_alias_set=
ac_cv_env_target_alias_value=
ac_cv_func_connect=yes
ac_cv_func_ftime=yes
ac_cv_func_gethostbyname=yes
ac_cv_func_gettimeofday=yes
ac_cv_func_remove=yes
ac_cv_func_shmat=yes
ac_cv_have_x='have_x=yes	ac_x_includes='\'''\''	ac_x_libraries='\'''\'''
ac_cv_header_ddraw_h=no
ac_cv_header_dlfcn_h=yes
ac_cv_header_inttypes_h=yes
ac_cv_header_io_h=no
ac_cv_header_memory_h=yes
ac_cv_header_stdc=yes
ac_cv_header_stdint_h=yes
ac_cv_header_stdlib_h=yes
ac_cv_header_string_h=yes
ac_cv_header_strings_h=yes
ac_cv_header_sys_stat_h=yes
ac_cv_header_sys_time_h=yes
ac_cv_header_sys_timeb_h=yes
ac_cv_header_sys_types_h=yes
ac_cv_header_time=yes
ac_cv_header_time_h=yes
ac_cv_header_unistd_h=yes
ac_cv_host=x86_64-unknown-linux-gnu
ac_cv_lib_ICE_IceConnectionNumber=yes
ac_cv_lib_Xext_XShmCreateImage=yes
ac_cv_lib_Xv_XvShmCreateImage=no
ac_cv_objext=o
ac_cv_path_EGREP='/usr/bin/grep -E'
ac_cv_path_FGREP='/usr/bin/grep -F'
ac_cv_path_GREP=/usr/bin/grep
ac_cv_path_SED=/usr/bin/sed
ac_cv_path_install='/usr/bin/install -c'
ac_cv_path_lt_DD=/usr/bin/dd
ac_cv_path_mkdir=/usr/bin/mkdir
ac_cv_prog_AWK=mawk
ac_cv_prog_CPP='gcc -E'
ac_cv_prog_ac_ct_AR=ar
ac_cv_prog_ac_ct_CC=gcc
ac_cv_prog_ac_ct_DLLTOOL=dlltool
ac_cv_prog_ac_ct_MANIFEST_TOOL=mt
ac_cv_prog_ac_ct_OBJDUMP=objdump
ac_cv_prog_ac_ct_RANLIB=ranlib
ac_cv_prog_ac_ct_STRIP=strip
ac_cv_prog_cc_c89=
ac_cv_prog_cc_g=yes
ac_cv_prog_gcc_traditional=no
ac_cv_prog_make_make_set=yes
ac_cv_sys_file_offset_bits=no
ac_cv_sys_largefile_CC=no
ac_cv_try_cflags_ok=yes
ac_cv_type_signal=void
ac_cv_type_size_t=yes
ac_cv_type_struct_timeval=yes
am_cv_CCAS_dependencies_compiler_type=gcc3
am_cv_CC_dependencies_compiler_type=gcc3
am_cv_make_support_nested_variables=yes
am_cv_prog_cc_c_o=yes
lt_cv_ar_at_file=@
lt_cv_archive_cmds_need_lc=no
lt_cv_deplibs_check_method=pass_all
lt_cv_file_magic_cmd='$MAGIC_CMD'
lt_cv_file_magic_test_file=
lt_cv_ld_reload_flag=-r
lt_cv_nm_interface='BSD nm'
lt_cv_objdir=.libs
lt_cv_path_LD=/usr/bin/ld
lt_cv_path_NM='/usr/bin/nm -B'
lt_cv_path_mainfest_tool=no
lt_cv_prog_compiler_c_o=yes
lt_cv_prog_compiler_pic='-fPIC -DPIC'
lt_cv_prog_compiler_pic_works=yes
lt_cv_prog_compiler_rtti_exceptions=no
lt_cv_prog_compiler_static_works=yes
lt_cv_prog_gnu_ld=yes
lt_cv_sharedlib_from_linklib_cmd='printf %s\n'
lt_cv_shlibpath_overrides_runpath=yes
lt_cv_sys_global_symbol_pipe='sed -n -e '\''s/^.*[	 ]\([ABCDGIRSTW][ABCDGIRSTW]*\)[	 ][	 ]*\([_A-Za-z][_A-Za-z0-9]*\)$/\1 \2 \2/p'\'' | sed '\''/ __gnu_lto/d'\'''
lt_cv_sys_global_symbol_to_c_name_address='sed -n -e '\''s/^: \(.*\) .*$/  {"\1", (void *) 0},/p'\'' -e '\''s/^[ABCDGIRSTW][ABCDGIRSTW]* .* \(.*\)$/  {"\1", (void *) \&\1},/p'\'''
lt_cv_sys_global_symbol_to_c_name_address_lib_prefix='sed -n -e '\''s/^: \(.*\) .*$/  {"\1", (void *) 0},/p'\'' -e '\''s/^[ABCDGIRSTW][ABCDGIRSTW]* .* \(lib.*\)$/  {"\1", (void *) \&\1},/p'\'' -e '\''s/^[ABCDGIRSTW][ABCDGIRSTW]* .* \(.*\)$/  {"lib\1", (void *) \&\1},/p'\'''
lt_cv_sys_global_symbol_to_cdecl='sed -n -e '\''s/^T .* \(.*\)$/extern int \1();/p'\'' -e '\''s/^[ABCDGIRSTW][ABCDGIRSTW]* .* \(.*\)$/extern char \1;/p'\'''
lt_cv_sys_global_symbol_to_import=
lt_cv_sys_max_cmd_len=1572864
lt_cv_to_host_file_cmd=func_convert_file_noop
lt_cv_to_tool_file_cmd=func_convert_file_noop
lt_cv_truncate_bin='/usr/bin/dd bs=4096 count=1'

## ----------------- ##
## Output variables. ##
## ----------------- ##

ACLOCAL='aclocal-1.16'
AMDEPBACKSLASH='\'
AMDEP_FALSE='#'
AMDEP_TRUE=''
AMTAR='$${TAR-tar}'
AM_BACKSLASH='\'
AM_CPPFLAGS='-I$(top_srcdir)/include -I$(top_builddir)/include'
AM_DEFAULT_V='$(AM_DEFAULT_VERBOSITY)'
AM_DEFAULT_VERBOSITY='1'
AM_V='$(V)'
AR='ar'
ARCH_ARM_FALSE=''
ARCH_ARM_TRUE='#'
ARCH_OPT_CFLAGS=''
AS='as'
AUTOCONF='autoconf'
AUTOHEADER='autoheader'
AUTOMAKE='automake-1.16'
AWK='mawk'
CC='gcc'
CCAS='gcc'
CCASDEPMODE='depmode=gcc3'
CCASFLAGS='-g -O2'
CCDEPMODE='depmode=gcc3'
CFLAGS='-g -O2'
CPP='gcc -E'
CPPFLAGS=''
CYGPATH_W='echo'
DEFS='-DHAVE_CONFIG_H'
DEPDIR='.deps'
DLLTOOL='dlltool'
DSYMUTIL=''
DUMPBIN=''
ECHO_C=''
ECHO_N='-n'
ECHO_T=''
EGREP='/usr/bin/grep -E'
EXEEXT=''
FGREP='/usr/bin/grep -F'
GREP='/usr/bin/grep'
INSTALL_DATA='${INSTALL} -m 644'
INSTALL_PROGRAM='${INSTALL}'
INSTALL_SCRIPT='${INSTALL}'
INSTALL_STRIP_PROGRAM='$(install_sh) -c -s'
LD='/usr/bin/ld -m elf_x86_64'
LDFLAGS=''
LIBMPEG2_CFLAGS=''
LIBOBJS=''
LIBS=''
LIBTOOL='$(SHELL) $(top_builddir)/libtool'
LIBVO_CFLAGS=' '
LIBVO_LIBS='  -lSM -lICE   -lXext -lX11'
LIPO=''
LN_S='ln -s'
LTLIBOBJS=''
LT_SYS_LIBRARY_PATH=''
MAINT='#'
MAINTAINER_MODE_FALSE=''
MAINTAINER_MODE_TRUE='#'
MAKEINFO='makeinfo'
MANIFEST_TOOL=':'
MKDIR_P='/usr/bin/mkdir -p'
MPEG2DEC_CFLAGS=' -Wall -Wpointer-arith -Wcast-align -Wcast-qual -Wstrict-prototypes -Wshadow -Waggregate-return -Wmissing-prototypes -Wnested-externs -Wsign-compare -g  -O3 -fomit-frame-pointer -fno-common'
NM='/usr/bin/nm -B'
NMEDIT=''
OBJDUMP='objdump'
OBJEXT='o'
OPT_CFLAGS=' -Wall -Wpointer-arith -Wcast-align -Wcast-qual -Wstrict-prototypes -Wshadow -Waggregate-return -Wmissing-prototypes -Wnested-externs -Wsign-compare -g  -O3 -fomit-frame-pointer -fno-common'
OTOOL64=''
OTOOL=''
PACKAGE='libmpeg2'
PACKAGE_BUGREPORT=''
PACKAGE_NAME='libmpeg2'
PACKAGE_STRING='libmpeg2 0.5.1'
PACKAGE_TARNAME='libmpeg2'
PACKAGE_URL=''
PACKAGE_VERSION='0.5.1'
PATH_SEPARATOR=':'
RANLIB='ranlib'
SDLCONFIG=''
SED='/usr/bin/sed'
SET_MAKE=''
SHELL='/bin/bash'
STRIP='strip'
VERSION='0.5.1'
XMKMF=''
X_CFLAGS=''
X_EXTRA_LIBS=''
X_LIBS=''
X_PRE_LIBS=' -lSM -lICE'
ac_ct_AR='ar'
ac_ct_CC='gcc'
ac_ct_DUMPBIN=''
am__EXEEXT_FALSE=''
am__EXEEXT_TRUE='#'
am__fastdepCCAS_FALSE='#'
am__fastdepCCAS_TRUE=''
am__fastdepCC_FALSE='#'
am__fastdepCC_TRUE=''
am__include='include'
am__isrc=''
am__leading_dot='.'
am__nodep='_no'
am__quote=''
am__tar='$${TAR-tar} chof - "$$tardir"'
am__untar='$${TAR-tar} xf -'
bindir='${exec_prefix}/bin'
build='x86_64-unknown-linux-gnu'
build_alias=''
build_cpu='x86_64'
build_os='linux-gnu'
build_vendor='unknown'
datadir='${datarootdir}'
datarootdir='${prefix}/share'
docdir='${datarootdir}/doc/${PACKAGE_TARNAME}'
dvidir='${docdir}'
exec_prefix='${prefix}'
host='x86_64-unknown-linux-gnu'
host_alias=''
host_cpu='x86_64'
host_os='linux-gnu'
host_vendor='unknown'
htmldir='${docdir}'
includedir='${prefix}/include'
infodir='${datarootdir}/info'
install_sh='${SHELL} /home/li0nmo0se/epita/ing3/tvid/codec/TP/tools/mpeg2dec/.auto/install-sh'
libdir='${exec_prefix}/lib'
libexecdir='${exec_prefix}/libexec'
localedir='${datarootdir}/locale'
localstatedir='${prefix}/var'
mandir='${datarootdir}/man'
mkdir_p='$(MKDIR_P)'
oldincludedir='/usr/include'
pdfdir='${docdir}'
prefix='/usr/local'
program_transform_name='s,x,x,'
psdir='${docdir}'
runstatedir='${localstatedir}/run'
sbindir='${exec_prefix}/sbin'
sharedstatedir='${prefix}/com'
sysconfdir='${prefix}/etc'
target_alias=''

## ----------- ##
## confdefs.h. ##
## ----------- ##

/* confdefs.h */
#define PACKAGE_NAME "libmpeg2"
#define PACKAGE_TARNAME "libmpeg2"
#define PACKAGE_VERSION "0.5.1"
#define PACKAGE_STRING "libmpeg2 0.5.1"
#define PACKAGE_BUGREPORT ""
#define PACKAGE_URL ""
#define PACKAGE "libmpeg2"
#define VERSION "0.5.1"
#define STDC_HEADERS 1
#define HAVE_SYS_TYPES_H 1
#define HAVE_SYS_STAT_H 1
#define HAVE_STDLIB_H 1
#define HAVE_STRING_H 1
#define HAVE_MEMORY_H 1
#define HAVE_STRINGS_H 1
#define HAVE_INTTYPES_H 1
#define HAVE_STDINT_H 1
#define HAVE_UNISTD_H 1
#define HAVE_SYS_TIME_H 1
#define HAVE_TIME_H 1
#define HAVE_SYS_TIMEB_H 1
#define ARCH_X86 /**/
#define HAVE_DLFCN_H 1
#define LT_OBJDIR ".libs/"
#define TIME_WITH_SYS_TIME 1
#define HAVE_STRUCT_TIMEVAL 1
#define inline __attribute__ ((__always_inline__))
#define HAVE_BUILTIN_EXPECT /**/
#define RETSIGTYPE void
#define HAVE_GETTIMEOFDAY 1
#define HAVE_FTIME 1
#define ACCEL_DETECT /**/
#define LIBVO_X11 /**/
#define ATTRIBUTE_ALIGNED_MAX 64

configure: exit 0

## ---------------------- ##
## Running config.status. ##
## ---------------------- ##

This file was extended by libmpeg2 config.status 0.5.1, which was
generated by GNU Autoconf 2.69.  Invocation command line was

  CONFIG_FILES    = 
  CONFIG_HEADERS  = 
  CONFIG_LINKS    = 
  CONFIG_COMMANDS = 
  $ ./config.status 

on li0nmo0se

config.status:1150: creating Makefile
config.status:1150: creating include/Makefile
config.status:1150: creating test/Makefile
config.status:1150: creating doc/Makefile
config.status:1150: creating src/Makefile
config.status:1150: creating libmpeg2/Makefile
config.status:1150: creating libmpeg2/convert/Makefile
config.status:1150: creating libvo/Makefile
config.status:1150: creating vc++/Makefile
config.status:1150: creating libmpeg2/libmpeg2.pc
config.status:1150: creating libmpeg2/convert/libmpeg2convert.pc
config.status:1150: creating include/config.h
config.status:1331: include/config.h is unchanged
config.status:1379: executing depfiles commands
config.status:1456: cd doc       && sed -e '/# am--include-marker/d' Makefile         | make -f - am--depfiles
make[1]: Entering directory '/home/li0nmo0se/epita/ing3/tvid/codec/TP/tools/mpeg2dec/doc'
make[1]: Nothing to be done for 'am--depfiles'.
make[1]: Leaving directory '/home/li0nmo0se/epita/ing3/tvid/codec/TP/tools/mpeg2dec/doc'
config.status:1461: $? = 0
config.status:1456: cd src       && sed -e '/# am--include-marker/d' Makefile         | make -f - am--depfiles
make[1]: Entering directory '/home/li0nmo0se/epita/ing3/tvid/codec/TP/tools/mpeg2dec/src'
make[1]: Nothing to be done for 'am--depfiles'.
make[1]: Leaving directory '/home/li0nmo0se/epita/ing3/tvid/codec/TP/tools/mpeg2dec/src'
config.status:1461: $? = 0
config.status:1456: cd libmpeg2       && sed -e '/# am--include-marker/d' Makefile         | make -f - am--depfiles
make[1]: Entering directory '/home/li0nmo0se/epita/ing3/tvid/codec/TP/tools/mpeg2dec/libmpeg2'
make[1]: Nothing to be done for 'am--depfiles'.
make[1]: Leaving directory '/home/li0nmo0se/epita/ing3/tvid/codec/TP/tools/mpeg2dec/libmpeg2'
config.status:1461: $? = 0
config.status:1456: cd libmpeg2/convert       && sed -e '/# am--include-marker/d' Makefile         | make -f - am--depfiles
make[1]: Entering directory '/home/li0nmo0se/epita/ing3/tvid/codec/TP/tools/mpeg2dec/libmpeg2/convert'
make[1]: Nothing to be done for 'am--depfiles'.
make[1]: Leaving directory '/home/li0nmo0se/epita/ing3/tvid/codec/TP/tools/mpeg2dec/libmpeg2/convert'
config.status:1461: $? = 0
config.status:1456: cd libvo       && sed -e '/# am--include-marker/d' Makefile         | make -f - am--depfiles
make[1]: Entering directory '/home/li0nmo0se/epita/ing3/tvid/codec/TP/tools/mpeg2dec/libvo'
make[1]: Nothing to be done for 'am--depfiles'.
make[1]: Leaving directory '/home/li0nmo0se/epita/ing3/tvid/codec/TP/tools/mpeg2dec/libvo'
config.status:1461: $? = 0
config.status:1379: executing libtool commands
